<?xml version="1.0" encoding="UTF-8"?>
<!-- Generated by org.testng.reporters.JUnitReportReporter -->
<testsuite skipped="0" hostname="SKANDWAL-LAP" name="com.qa.test.GmailHomeTest" tests="3" failures="0" timestamp="26 Aug 2019 07:43:58 GMT" time="10.841" errors="0">
  <testcase name="loginNsendMail" time="6.915" classname="com.qa.test.GmailHomeTest"/>
  <testcase name="loginNsendMail" time="3.920" classname="com.qa.test.GmailHomeTest"/>
  <testcase name="verifyTitleOfGmailLoginPage" time="0.006" classname="com.qa.test.GmailHomeTest"/>
</testsuite> <!-- com.qa.test.GmailHomeTest -->
