<?xml version="1.0" encoding="UTF-8"?>
<!-- Generated by org.testng.reporters.JUnitReportReporter -->
<testsuite skipped="0" hostname="SKANDWAL-LAP" name="com.qa.test.GmailLoginTest" tests="2" failures="0" timestamp="25 Aug 2019 07:48:57 GMT" time="13.924" errors="0">
  <testcase name="verifyTitleOfLoginPage" time="0.011" classname="com.qa.test.GmailLoginTest"/>
  <testcase name="loginToGmailTest" time="13.913" classname="com.qa.test.GmailLoginTest"/>
</testsuite> <!-- com.qa.test.GmailLoginTest -->
